\BOOKMARK [0][-]{chapter.1}{样章}{}% 1
\BOOKMARK [1][-]{section.1.1}{使用说明}{chapter.1}% 2
\BOOKMARK [1][-]{section.1.2}{git的使用}{chapter.1}% 3
\BOOKMARK [1][-]{section.1.3}{git的.gitignore}{chapter.1}% 4
\BOOKMARK [1][-]{section.1.4}{安装texlive套件}{chapter.1}% 5
\BOOKMARK [1][-]{section.1.5}{vscode 支持 latex 编辑}{chapter.1}% 6
\BOOKMARK [1][-]{section.1.6}{换国内下载源}{chapter.1}% 7
\BOOKMARK [1][-]{section.1.7}{python3 安装pip工具并升级}{chapter.1}% 8
\BOOKMARK [1][-]{section.1.8}{python3 导出安装包目录requirements.txt或根据requirements.txt安装拓展包}{chapter.1}% 9
\BOOKMARK [1][-]{section.1.9}{pip3 报错}{chapter.1}% 10
\BOOKMARK [1][-]{section.1.10}{pip3 换国内源}{chapter.1}% 11
\BOOKMARK [1][-]{section.1.11}{开启SSH服务}{chapter.1}% 12
\BOOKMARK [0][-]{chapter.2}{win10}{}% 13
\BOOKMARK [1][-]{section.2.1}{创建ssh密钥}{chapter.2}% 14
\BOOKMARK [0][-]{chapter.3}{C/C++}{}% 15
\BOOKMARK [1][-]{section.3.1}{C++重载}{chapter.3}% 16
\BOOKMARK [0][-]{chapter.4}{Data\040structure}{}% 17
\BOOKMARK [1][-]{section.4.1}{二叉树的前，中，候序遍历\(DLR,LDR,LRD\)的含义}{chapter.4}% 18
\BOOKMARK [0][-]{chapter.5}{Opencv}{}% 19
\BOOKMARK [1][-]{section.5.1}{255限值}{chapter.5}% 20
\BOOKMARK [1][-]{section.5.2}{VS环境下鼠标移到Mat卡死问题}{chapter.5}% 21
\BOOKMARK [1][-]{section.5.3}{分离RGB三通道}{chapter.5}% 22
\BOOKMARK [1][-]{section.5.4}{图片显示过大问题}{chapter.5}% 23
\BOOKMARK [1][-]{section.5.5}{VS下，使用nameWindow函数，imshow时却出项两个同名窗口问题}{chapter.5}% 24
\BOOKMARK [1][-]{section.5.6}{遍历Mat元数}{chapter.5}% 25
\BOOKMARK [1][-]{section.5.7}{findContours\(\)}{chapter.5}% 26
\BOOKMARK [0][-]{chapter.6}{杂项}{}% 27
\BOOKMARK [1][-]{section.6.1}{半收敛算法}{chapter.6}% 28
\BOOKMARK [1][-]{section.6.2}{椭圆的通径与偏心率}{chapter.6}% 29
\BOOKMARK [1][-]{section.6.3}{好用的插件Vs code}{chapter.6}% 30
\BOOKMARK [1][-]{section.6.4}{浏览器打印问题}{chapter.6}% 31
\BOOKMARK [1][-]{section.6.5}{Altium designer 从原理图更新至PCB时出现提示：failed to match * of * components using unique identifiers }{chapter.6}% 32
\BOOKMARK [1][-]{section.6.6}{五大常用算法}{chapter.6}% 33
